This is XeTeX, Version 3.141592653-2.6-0.999993 (MiKTeX 21.12.10) (preloaded format=xelatex 2022.7.23)  8 MAR 2023 20:59
entering extended mode
 restricted \write18 enabled.
 %&-line parsing enabled.
**./Beamer.tex
(Beamer.tex
LaTeX2e <2021-11-15> patch level 1
L3 programming layer <2021-11-22>
(C:\Program Files\MiKTeX\tex/latex/beamer\beamer.cls
Document Class: beamer 2021/10/18 v3.64 A class for typesetting presentations
(C:\Program Files\MiKTeX\tex/latex/beamer\beamerbasemodes.sty
(C:\Program Files\MiKTeX\tex/latex/etoolbox\etoolbox.sty
Package: etoolbox 2020/10/05 v2.5k e-TeX tools for LaTeX (JAW)
\etb@tempcnta=\count179
)
\beamer@tempbox=\box50
\beamer@tempcount=\count180
\c@beamerpauses=\count181

(C:\Program Files\MiKTeX\tex/latex/beamer\beamerbasedecode.sty
\beamer@slideinframe=\count182
\beamer@minimum=\count183
\beamer@decode@box=\box51
)
\beamer@commentbox=\box52
\beamer@modecount=\count184
)
(C:\Program Files\MiKTeX\tex/generic/iftex\ifpdf.sty
Package: ifpdf 2019/10/25 v3.4 ifpdf legacy package. Use iftex instead.

(C:\Program Files\MiKTeX\tex/generic/iftex\iftex.sty
Package: iftex 2020/03/06 v1.0d TeX engine tests
))
\headdp=\dimen138
\footheight=\dimen139
\sidebarheight=\dimen140
\beamer@tempdim=\dimen141
\beamer@finalheight=\dimen142
\beamer@animht=\dimen143
\beamer@animdp=\dimen144
\beamer@animwd=\dimen145
\beamer@leftmargin=\dimen146
\beamer@rightmargin=\dimen147
\beamer@leftsidebar=\dimen148
\beamer@rightsidebar=\dimen149
\beamer@boxsize=\dimen150
\beamer@vboxoffset=\dimen151
\beamer@descdefault=\dimen152
\beamer@descriptionwidth=\dimen153
\beamer@lastskip=\skip47
\beamer@areabox=\box53
\beamer@animcurrent=\box54
\beamer@animshowbox=\box55
\beamer@sectionbox=\box56
\beamer@logobox=\box57
\beamer@linebox=\box58
\beamer@sectioncount=\count185
\beamer@subsubsectionmax=\count186
\beamer@subsectionmax=\count187
\beamer@sectionmax=\count188
\beamer@totalheads=\count189
\beamer@headcounter=\count190
\beamer@partstartpage=\count191
\beamer@sectionstartpage=\count192
\beamer@subsectionstartpage=\count193
\beamer@animationtempa=\count194
\beamer@animationtempb=\count195
\beamer@xpos=\count196
\beamer@ypos=\count197
\beamer@ypos@offset=\count198
\beamer@showpartnumber=\count199
\beamer@currentsubsection=\count266
\beamer@coveringdepth=\count267
\beamer@sectionadjust=\count268
\beamer@toclastsection=\count269
\beamer@tocsectionnumber=\count270

(C:\Program Files\MiKTeX\tex/latex/beamer\beamerbaseoptions.sty
(C:\Program Files\MiKTeX\tex/latex/graphics\keyval.sty
Package: keyval 2014/10/28 v1.15 key=value parser (DPC)
\KV@toks@=\toks16
))
\beamer@paperwidth=\skip48
\beamer@paperheight=\skip49

(C:\Program Files\MiKTeX\tex/latex/geometry\geometry.sty
Package: geometry 2020/01/02 v5.9 Page Geometry

(C:\Program Files\MiKTeX\tex/generic/iftex\ifvtex.sty
Package: ifvtex 2019/10/25 v1.7 ifvtex legacy package. Use iftex instead.
)
\Gm@cnth=\count271
\Gm@cntv=\count272
\c@Gm@tempcnt=\count273
\Gm@bindingoffset=\dimen154
\Gm@wd@mp=\dimen155
\Gm@odd@mp=\dimen156
\Gm@even@mp=\dimen157
\Gm@layoutwidth=\dimen158
\Gm@layoutheight=\dimen159
\Gm@layouthoffset=\dimen160
\Gm@layoutvoffset=\dimen161
\Gm@dimlist=\toks17

(C:\Program Files\MiKTeX\tex/latex/geometry\geometry.cfg))
(C:\Program Files\MiKTeX\tex/latex/base\size12.clo
File: size12.clo 2021/10/04 v1.4n Standard LaTeX file (size option)
)
(C:\Program Files\MiKTeX\tex/latex/pgf/basiclayer\pgfcore.sty
(C:\Program Files\MiKTeX\tex/latex/graphics\graphicx.sty
Package: graphicx 2021/09/16 v1.2d Enhanced LaTeX Graphics (DPC,SPQR)

(C:\Program Files\MiKTeX\tex/latex/graphics\graphics.sty
Package: graphics 2021/03/04 v1.4d Standard LaTeX Graphics (DPC,SPQR)

(C:\Program Files\MiKTeX\tex/latex/graphics\trig.sty
Package: trig 2021/08/11 v1.11 sin cos tan (DPC)
)
(C:\Program Files\MiKTeX\tex/latex/graphics-cfg\graphics.cfg
File: graphics.cfg 2016/06/04 v1.11 sample graphics configuration
)
Package graphics Info: Driver file: xetex.def on input line 107.

(C:\Program Files\MiKTeX\tex/latex/graphics-def\xetex.def
File: xetex.def 2021/03/18 v5.0k Graphics/color driver for xetex
))
\Gin@req@height=\dimen162
\Gin@req@width=\dimen163
)
(C:\Program Files\MiKTeX\tex/latex/pgf/systemlayer\pgfsys.sty
(C:\Program Files\MiKTeX\tex/latex/pgf/utilities\pgfrcs.sty
(C:\Program Files\MiKTeX\tex/generic/pgf/utilities\pgfutil-common.tex
\pgfutil@everybye=\toks18
\pgfutil@tempdima=\dimen164
\pgfutil@tempdimb=\dimen165

(C:\Program Files\MiKTeX\tex/generic/pgf/utilities\pgfutil-common-lists.tex))
(C:\Program Files\MiKTeX\tex/generic/pgf/utilities\pgfutil-latex.def
\pgfutil@abb=\box59
)
(C:\Program Files\MiKTeX\tex/generic/pgf/utilities\pgfrcs.code.tex
(C:\Program Files\MiKTeX\tex/generic/pgf\pgf.revision.tex)
Package: pgfrcs 2021/05/15 v3.1.9a (3.1.9a)
))
(C:\Program Files\MiKTeX\tex/generic/pgf/systemlayer\pgfsys.code.tex
Package: pgfsys 2021/05/15 v3.1.9a (3.1.9a)

(C:\Program Files\MiKTeX\tex/generic/pgf/utilities\pgfkeys.code.tex
\pgfkeys@pathtoks=\toks19
\pgfkeys@temptoks=\toks20

(C:\Program Files\MiKTeX\tex/generic/pgf/utilities\pgfkeysfiltered.code.tex
\pgfkeys@tmptoks=\toks21
))
\pgf@x=\dimen166
\pgf@y=\dimen167
\pgf@xa=\dimen168
\pgf@ya=\dimen169
\pgf@xb=\dimen170
\pgf@yb=\dimen171
\pgf@xc=\dimen172
\pgf@yc=\dimen173
\pgf@xd=\dimen174
\pgf@yd=\dimen175
\w@pgf@writea=\write3
\r@pgf@reada=\read2
\c@pgf@counta=\count274
\c@pgf@countb=\count275
\c@pgf@countc=\count276
\c@pgf@countd=\count277
\t@pgf@toka=\toks22
\t@pgf@tokb=\toks23
\t@pgf@tokc=\toks24
\pgf@sys@id@count=\count278

(C:\Program Files\MiKTeX\tex/generic/pgf/systemlayer\pgf.cfg
File: pgf.cfg 2021/05/15 v3.1.9a (3.1.9a)
)
Driver file for pgf: pgfsys-xetex.def

(C:\Program Files\MiKTeX\tex/generic/pgf/systemlayer\pgfsys-xetex.def
File: pgfsys-xetex.def 2021/05/15 v3.1.9a (3.1.9a)

(C:\Program Files\MiKTeX\tex/generic/pgf/systemlayer\pgfsys-dvipdfmx.def
File: pgfsys-dvipdfmx.def 2021/05/15 v3.1.9a (3.1.9a)

(C:\Program Files\MiKTeX\tex/generic/pgf/systemlayer\pgfsys-common-pdf.def
File: pgfsys-common-pdf.def 2021/05/15 v3.1.9a (3.1.9a)
)
\pgfsys@objnum=\count279
)))
(C:\Program Files\MiKTeX\tex/generic/pgf/systemlayer\pgfsyssoftpath.code.tex
File: pgfsyssoftpath.code.tex 2021/05/15 v3.1.9a (3.1.9a)
\pgfsyssoftpath@smallbuffer@items=\count280
\pgfsyssoftpath@bigbuffer@items=\count281
)
(C:\Program Files\MiKTeX\tex/generic/pgf/systemlayer\pgfsysprotocol.code.tex
File: pgfsysprotocol.code.tex 2021/05/15 v3.1.9a (3.1.9a)
))
(C:\Program Files\MiKTeX\tex/latex/xcolor\xcolor.sty
Package: xcolor 2021/10/31 v2.13 LaTeX color extensions (UK)

(C:\Program Files\MiKTeX\tex/latex/graphics-cfg\color.cfg
File: color.cfg 2016/01/02 v1.6 sample color configuration
)
Package xcolor Info: Driver file: xetex.def on input line 227.
Package xcolor Info: Model `cmy' substituted by `cmy0' on input line 1352.
Package xcolor Info: Model `RGB' extended on input line 1368.
Package xcolor Info: Model `HTML' substituted by `rgb' on input line 1370.
Package xcolor Info: Model `Hsb' substituted by `hsb' on input line 1371.
Package xcolor Info: Model `tHsb' substituted by `hsb' on input line 1372.
Package xcolor Info: Model `HSB' substituted by `hsb' on input line 1373.
Package xcolor Info: Model `Gray' substituted by `gray' on input line 1374.
Package xcolor Info: Model `wave' substituted by `hsb' on input line 1375.
)
(C:\Program Files\MiKTeX\tex/generic/pgf/basiclayer\pgfcore.code.tex
Package: pgfcore 2021/05/15 v3.1.9a (3.1.9a)

(C:\Program Files\MiKTeX\tex/generic/pgf/math\pgfmath.code.tex
(C:\Program Files\MiKTeX\tex/generic/pgf/math\pgfmathcalc.code.tex
(C:\Program Files\MiKTeX\tex/generic/pgf/math\pgfmathutil.code.tex)
(C:\Program Files\MiKTeX\tex/generic/pgf/math\pgfmathparser.code.tex
\pgfmath@dimen=\dimen176
\pgfmath@count=\count282
\pgfmath@box=\box60
\pgfmath@toks=\toks25
\pgfmath@stack@operand=\toks26
\pgfmath@stack@operation=\toks27
)
(C:\Program Files\MiKTeX\tex/generic/pgf/math\pgfmathfunctions.code.tex
(C:\Program Files\MiKTeX\tex/generic/pgf/math\pgfmathfunctions.basic.code.tex)
(C:\Program Files\MiKTeX\tex/generic/pgf/math\pgfmathfunctions.trigonometric.co
de.tex)
(C:\Program Files\MiKTeX\tex/generic/pgf/math\pgfmathfunctions.random.code.tex)

(C:\Program Files\MiKTeX\tex/generic/pgf/math\pgfmathfunctions.comparison.code.
tex)
(C:\Program Files\MiKTeX\tex/generic/pgf/math\pgfmathfunctions.base.code.tex)
(C:\Program Files\MiKTeX\tex/generic/pgf/math\pgfmathfunctions.round.code.tex)
(C:\Program Files\MiKTeX\tex/generic/pgf/math\pgfmathfunctions.misc.code.tex)
(C:\Program Files\MiKTeX\tex/generic/pgf/math\pgfmathfunctions.integerarithmeti
cs.code.tex)))
(C:\Program Files\MiKTeX\tex/generic/pgf/math\pgfmathfloat.code.tex
\c@pgfmathroundto@lastzeros=\count283
))
(C:\Program Files\MiKTeX\tex/generic/pgf/math\pgfint.code.tex)
(C:\Program Files\MiKTeX\tex/generic/pgf/basiclayer\pgfcorepoints.code.tex
File: pgfcorepoints.code.tex 2021/05/15 v3.1.9a (3.1.9a)
\pgf@picminx=\dimen177
\pgf@picmaxx=\dimen178
\pgf@picminy=\dimen179
\pgf@picmaxy=\dimen180
\pgf@pathminx=\dimen181
\pgf@pathmaxx=\dimen182
\pgf@pathminy=\dimen183
\pgf@pathmaxy=\dimen184
\pgf@xx=\dimen185
\pgf@xy=\dimen186
\pgf@yx=\dimen187
\pgf@yy=\dimen188
\pgf@zx=\dimen189
\pgf@zy=\dimen190
)
(C:\Program Files\MiKTeX\tex/generic/pgf/basiclayer\pgfcorepathconstruct.code.t
ex
File: pgfcorepathconstruct.code.tex 2021/05/15 v3.1.9a (3.1.9a)
\pgf@path@lastx=\dimen191
\pgf@path@lasty=\dimen192
)
(C:\Program Files\MiKTeX\tex/generic/pgf/basiclayer\pgfcorepathusage.code.tex
File: pgfcorepathusage.code.tex 2021/05/15 v3.1.9a (3.1.9a)
\pgf@shorten@end@additional=\dimen193
\pgf@shorten@start@additional=\dimen194
)
(C:\Program Files\MiKTeX\tex/generic/pgf/basiclayer\pgfcorescopes.code.tex
File: pgfcorescopes.code.tex 2021/05/15 v3.1.9a (3.1.9a)
\pgfpic=\box61
\pgf@hbox=\box62
\pgf@layerbox@main=\box63
\pgf@picture@serial@count=\count284
)
(C:\Program Files\MiKTeX\tex/generic/pgf/basiclayer\pgfcoregraphicstate.code.te
x
File: pgfcoregraphicstate.code.tex 2021/05/15 v3.1.9a (3.1.9a)
\pgflinewidth=\dimen195
)
(C:\Program Files\MiKTeX\tex/generic/pgf/basiclayer\pgfcoretransformations.code
.tex
File: pgfcoretransformations.code.tex 2021/05/15 v3.1.9a (3.1.9a)
\pgf@pt@x=\dimen196
\pgf@pt@y=\dimen197
\pgf@pt@temp=\dimen198
) (C:\Program Files\MiKTeX\tex/generic/pgf/basiclayer\pgfcorequick.code.tex
File: pgfcorequick.code.tex 2021/05/15 v3.1.9a (3.1.9a)
) (C:\Program Files\MiKTeX\tex/generic/pgf/basiclayer\pgfcoreobjects.code.tex
File: pgfcoreobjects.code.tex 2021/05/15 v3.1.9a (3.1.9a)
)
(C:\Program Files\MiKTeX\tex/generic/pgf/basiclayer\pgfcorepathprocessing.code.
tex
File: pgfcorepathprocessing.code.tex 2021/05/15 v3.1.9a (3.1.9a)
) (C:\Program Files\MiKTeX\tex/generic/pgf/basiclayer\pgfcorearrows.code.tex
File: pgfcorearrows.code.tex 2021/05/15 v3.1.9a (3.1.9a)
\pgfarrowsep=\dimen199
) (C:\Program Files\MiKTeX\tex/generic/pgf/basiclayer\pgfcoreshade.code.tex
File: pgfcoreshade.code.tex 2021/05/15 v3.1.9a (3.1.9a)
\pgf@max=\dimen256
\pgf@sys@shading@range@num=\count285
\pgf@shadingcount=\count286
)
(C:\Program Files\MiKTeX\tex/generic/pgf/basiclayer\pgfcoreimage.code.tex
File: pgfcoreimage.code.tex 2021/05/15 v3.1.9a (3.1.9a)

(C:\Program Files\MiKTeX\tex/generic/pgf/basiclayer\pgfcoreexternal.code.tex
File: pgfcoreexternal.code.tex 2021/05/15 v3.1.9a (3.1.9a)
\pgfexternal@startupbox=\box64
))
(C:\Program Files\MiKTeX\tex/generic/pgf/basiclayer\pgfcorelayers.code.tex
File: pgfcorelayers.code.tex 2021/05/15 v3.1.9a (3.1.9a)
)
(C:\Program Files\MiKTeX\tex/generic/pgf/basiclayer\pgfcoretransparency.code.te
x
File: pgfcoretransparency.code.tex 2021/05/15 v3.1.9a (3.1.9a)
) (C:\Program Files\MiKTeX\tex/generic/pgf/basiclayer\pgfcorepatterns.code.tex
File: pgfcorepatterns.code.tex 2021/05/15 v3.1.9a (3.1.9a)
) (C:\Program Files\MiKTeX\tex/generic/pgf/basiclayer\pgfcorerdf.code.tex
File: pgfcorerdf.code.tex 2021/05/15 v3.1.9a (3.1.9a)
)))
(C:\Program Files\MiKTeX\tex/latex/pgf/utilities\xxcolor.sty
Package: xxcolor 2003/10/24 ver 0.1
\XC@nummixins=\count287
\XC@countmixins=\count288
)
(C:\Program Files\MiKTeX\tex/latex/base\atbegshi-ltx.sty
Package: atbegshi-ltx 2021/01/10 v1.0c Emulation of the original atbegshi
package with kernel methods
)
(C:\Program Files\MiKTeX\tex/latex/hyperref\hyperref.sty
Package: hyperref 2021-06-07 v7.00m Hypertext links for LaTeX

(C:\Program Files\MiKTeX\tex/generic/ltxcmds\ltxcmds.sty
Package: ltxcmds 2020-05-10 v1.25 LaTeX kernel commands for general use (HO)
)
(C:\Program Files\MiKTeX\tex/generic/pdftexcmds\pdftexcmds.sty
Package: pdftexcmds 2020-06-27 v0.33 Utility functions of pdfTeX for LuaTeX (HO
)

(C:\Program Files\MiKTeX\tex/generic/infwarerr\infwarerr.sty
Package: infwarerr 2019/12/03 v1.5 Providing info/warning/error messages (HO)
)
Package pdftexcmds Info: \pdf@primitive is available.
Package pdftexcmds Info: \pdf@ifprimitive is available.
Package pdftexcmds Info: \pdfdraftmode not found.
)
(C:\Program Files\MiKTeX\tex/generic/kvsetkeys\kvsetkeys.sty
Package: kvsetkeys 2019/12/15 v1.18 Key value parser (HO)
)
(C:\Program Files\MiKTeX\tex/generic/kvdefinekeys\kvdefinekeys.sty
Package: kvdefinekeys 2019-12-19 v1.6 Define keys (HO)
)
(C:\Program Files\MiKTeX\tex/generic/pdfescape\pdfescape.sty
Package: pdfescape 2019/12/09 v1.15 Implements pdfTeX's escape features (HO)
)
(C:\Program Files\MiKTeX\tex/latex/hycolor\hycolor.sty
Package: hycolor 2020-01-27 v1.10 Color options for hyperref/bookmark (HO)
)
(C:\Program Files\MiKTeX\tex/latex/letltxmacro\letltxmacro.sty
Package: letltxmacro 2019/12/03 v1.6 Let assignment for LaTeX macros (HO)
)
(C:\Program Files\MiKTeX\tex/latex/auxhook\auxhook.sty
Package: auxhook 2019-12-17 v1.6 Hooks for auxiliary files (HO)
)
(C:\Program Files\MiKTeX\tex/latex/kvoptions\kvoptions.sty
Package: kvoptions 2020-10-07 v3.14 Key value format for package options (HO)
)
\@linkdim=\dimen257
\Hy@linkcounter=\count289
\Hy@pagecounter=\count290

(C:\Program Files\MiKTeX\tex/latex/hyperref\pd1enc.def
File: pd1enc.def 2021-06-07 v7.00m Hyperref: PDFDocEncoding definition (HO)
)
(C:\Program Files\MiKTeX\tex/latex/hyperref\hyperref-langpatches.def
File: hyperref-langpatches.def 2021-06-07 v7.00m Hyperref: patches for babel la
nguages
)
(C:\Program Files\MiKTeX\tex/generic/intcalc\intcalc.sty
Package: intcalc 2019/12/15 v1.3 Expandable calculations with integers (HO)
)
(C:\Program Files\MiKTeX\tex/generic/etexcmds\etexcmds.sty
Package: etexcmds 2019/12/15 v1.7 Avoid name clashes with e-TeX commands (HO)
)
\Hy@SavedSpaceFactor=\count291

(C:\Program Files\MiKTeX\tex/latex/hyperref\puenc.def
File: puenc.def 2021-06-07 v7.00m Hyperref: PDF Unicode definition (HO)
)
Package hyperref Info: Option `bookmarks' set `true' on input line 4073.
Package hyperref Info: Option `bookmarksopen' set `true' on input line 4073.
Package hyperref Info: Option `implicit' set `false' on input line 4073.
Package hyperref Info: Hyper figures OFF on input line 4192.
Package hyperref Info: Link nesting OFF on input line 4197.
Package hyperref Info: Hyper index ON on input line 4200.
Package hyperref Info: Plain pages OFF on input line 4207.
Package hyperref Info: Backreferencing OFF on input line 4212.
Package hyperref Info: Implicit mode OFF; no redefinition of LaTeX internals.
Package hyperref Info: Bookmarks ON on input line 4445.
\c@Hy@tempcnt=\count292

(C:\Program Files\MiKTeX\tex/latex/url\url.sty
\Urlmuskip=\muskip16
Package: url 2013/09/16  ver 3.4  Verb mode for urls, etc.
)
LaTeX Info: Redefining \url on input line 4804.
\XeTeXLinkMargin=\dimen258

(C:\Program Files\MiKTeX\tex/generic/bitset\bitset.sty
Package: bitset 2019/12/09 v1.3 Handle bit-vector datatype (HO)

(C:\Program Files\MiKTeX\tex/generic/bigintcalc\bigintcalc.sty
Package: bigintcalc 2019/12/15 v1.5 Expandable calculations on big integers (HO
)
))
\Fld@menulength=\count293
\Field@Width=\dimen259
\Fld@charsize=\dimen260
Package hyperref Info: Hyper figures OFF on input line 6076.
Package hyperref Info: Link nesting OFF on input line 6081.
Package hyperref Info: Hyper index ON on input line 6084.
Package hyperref Info: backreferencing OFF on input line 6091.
Package hyperref Info: Link coloring OFF on input line 6096.
Package hyperref Info: Link coloring with OCG OFF on input line 6101.
Package hyperref Info: PDF/A mode OFF on input line 6106.
LaTeX Info: Redefining \ref on input line 6146.
LaTeX Info: Redefining \pageref on input line 6150.
\Hy@abspage=\count294


Package hyperref Message: Stopped early.

)
Package hyperref Info: Driver (autodetected): hxetex.
 (C:\Program Files\MiKTeX\tex/latex/hyperref\hxetex.def
File: hxetex.def 2021-06-07 v7.00m Hyperref driver for XeTeX

(C:\Program Files\MiKTeX\tex/generic/stringenc\stringenc.sty
Package: stringenc 2019/11/29 v1.12 Convert strings between diff. encodings (HO
)
)
\pdfm@box=\box65
\c@Hy@AnnotLevel=\count295
\HyField@AnnotCount=\count296
\Fld@listcount=\count297
\c@bookmark@seq@number=\count298

(C:\Program Files\MiKTeX\tex/latex/rerunfilecheck\rerunfilecheck.sty
Package: rerunfilecheck 2019/12/05 v1.9 Rerun checks for auxiliary files (HO)

(C:\Program Files\MiKTeX\tex/latex/base\atveryend-ltx.sty
Package: atveryend-ltx 2020/08/19 v1.0a Emulation of the original atveryend pac
kage
with kernel methods
)
(C:\Program Files\MiKTeX\tex/generic/uniquecounter\uniquecounter.sty
Package: uniquecounter 2019/12/15 v1.4 Provide unlimited unique counter (HO)
)
Package uniquecounter Info: New unique counter `rerunfilecheck' on input line 2
86.
))
(C:\Program Files\MiKTeX\tex/latex/beamer\beamerbaserequires.sty
(C:\Program Files\MiKTeX\tex/latex/beamer\beamerbasecompatibility.sty)
(C:\Program Files\MiKTeX\tex/latex/beamer\beamerbasefont.sty
(C:\Program Files\MiKTeX\tex/latex/amsfonts\amssymb.sty
Package: amssymb 2013/01/14 v3.01 AMS font symbols

(C:\Program Files\MiKTeX\tex/latex/amsfonts\amsfonts.sty
Package: amsfonts 2013/01/14 v3.01 Basic AMSFonts support
\@emptytoks=\toks28
\symAMSa=\mathgroup4
\symAMSb=\mathgroup5
LaTeX Font Info:    Redeclaring math symbol \hbar on input line 98.
LaTeX Font Info:    Overwriting math alphabet `\mathfrak' in version `bold'
(Font)                  U/euf/m/n --> U/euf/b/n on input line 106.
))
(C:\Program Files\MiKTeX\tex/latex/sansmathaccent\sansmathaccent.sty
Package: sansmathaccent 2020/01/31

(C:\Program Files\MiKTeX\tex/latex/koma-script\scrlfile.sty
Package: scrlfile 2021/11/13 v3.35 KOMA-Script package (file load hooks)

(C:\Program Files\MiKTeX\tex/latex/koma-script\scrlfile-hook.sty
Package: scrlfile-hook 2021/11/13 v3.35 KOMA-Script package (using LaTeX hooks)


(C:\Program Files\MiKTeX\tex/latex/koma-script\scrlogo.sty
Package: scrlogo 2021/11/13 v3.35 KOMA-Script package (logo)
)))))
(C:\Program Files\MiKTeX\tex/latex/beamer\beamerbasetranslator.sty
(C:\Program Files\MiKTeX\tex/latex/translator\translator.sty
Package: translator 2021-05-31 v1.12d Easy translation of strings in LaTeX
))
(C:\Program Files\MiKTeX\tex/latex/beamer\beamerbasemisc.sty)
(C:\Program Files\MiKTeX\tex/latex/beamer\beamerbasetwoscreens.sty)
(C:\Program Files\MiKTeX\tex/latex/beamer\beamerbaseoverlay.sty
\beamer@argscount=\count299
\beamer@lastskipcover=\skip50
\beamer@trivlistdepth=\count300
)
(C:\Program Files\MiKTeX\tex/latex/beamer\beamerbasetitle.sty)
(C:\Program Files\MiKTeX\tex/latex/beamer\beamerbasesection.sty
\c@lecture=\count301
\c@part=\count302
\c@section=\count303
\c@subsection=\count304
\c@subsubsection=\count305
)
(C:\Program Files\MiKTeX\tex/latex/beamer\beamerbaseframe.sty
\beamer@framebox=\box66
\beamer@frametitlebox=\box67
\beamer@zoombox=\box68
\beamer@zoomcount=\count306
\beamer@zoomframecount=\count307
\beamer@frametextheight=\dimen261
\c@subsectionslide=\count308
\beamer@frametopskip=\skip51
\beamer@framebottomskip=\skip52
\beamer@frametopskipautobreak=\skip53
\beamer@framebottomskipautobreak=\skip54
\beamer@envbody=\toks29
\framewidth=\dimen262
\c@framenumber=\count309
)
(C:\Program Files\MiKTeX\tex/latex/beamer\beamerbaseverbatim.sty
\beamer@verbatimfileout=\write4
)
(C:\Program Files\MiKTeX\tex/latex/beamer\beamerbaseframesize.sty
\beamer@splitbox=\box69
\beamer@autobreakcount=\count310
\beamer@autobreaklastheight=\dimen263
\beamer@frametitletoks=\toks30
\beamer@framesubtitletoks=\toks31
)
(C:\Program Files\MiKTeX\tex/latex/beamer\beamerbaseframecomponents.sty
\beamer@footins=\box70
)
(C:\Program Files\MiKTeX\tex/latex/beamer\beamerbasecolor.sty)
(C:\Program Files\MiKTeX\tex/latex/beamer\beamerbasenotes.sty
\beamer@frameboxcopy=\box71
)
(C:\Program Files\MiKTeX\tex/latex/beamer\beamerbasetoc.sty)
(C:\Program Files\MiKTeX\tex/latex/beamer\beamerbasetemplates.sty
\beamer@sbttoks=\toks32

(C:\Program Files\MiKTeX\tex/latex/beamer\beamerbaseauxtemplates.sty
(C:\Program Files\MiKTeX\tex/latex/beamer\beamerbaseboxes.sty
\bmb@box=\box72
\bmb@colorbox=\box73
\bmb@boxwidth=\dimen264
\bmb@boxheight=\dimen265
\bmb@prevheight=\dimen266
\bmb@temp=\dimen267
\bmb@dima=\dimen268
\bmb@dimb=\dimen269
\bmb@prevheight=\dimen270
)
\beamer@blockheadheight=\dimen271
))
(C:\Program Files\MiKTeX\tex/latex/beamer\beamerbaselocalstructure.sty
(C:\Program Files\MiKTeX\tex/latex/tools\enumerate.sty
Package: enumerate 2015/07/23 v3.00 enumerate extensions (DPC)
\@enLab=\toks33
)
\beamer@bibiconwidth=\skip55
\c@figure=\count311
\c@table=\count312
\abovecaptionskip=\skip56
\belowcaptionskip=\skip57
)
(C:\Program Files\MiKTeX\tex/latex/beamer\beamerbasenavigation.sty
\beamer@section@min@dim=\dimen272
)
(C:\Program Files\MiKTeX\tex/latex/beamer\beamerbasetheorems.sty
(C:\Program Files\MiKTeX\tex/latex/amsmath\amsmath.sty
Package: amsmath 2021/10/15 v2.17l AMS math features
\@mathmargin=\skip58

For additional information on amsmath, use the `?' option.
(C:\Program Files\MiKTeX\tex/latex/amsmath\amstext.sty
Package: amstext 2021/08/26 v2.01 AMS text

(C:\Program Files\MiKTeX\tex/latex/amsmath\amsgen.sty
File: amsgen.sty 1999/11/30 v2.0 generic functions
\@emptytoks=\toks34
\ex@=\dimen273
))
(C:\Program Files\MiKTeX\tex/latex/amsmath\amsbsy.sty
Package: amsbsy 1999/11/29 v1.2d Bold Symbols
\pmbraise@=\dimen274
)
(C:\Program Files\MiKTeX\tex/latex/amsmath\amsopn.sty
Package: amsopn 2021/08/26 v2.02 operator names
)
\inf@bad=\count313
LaTeX Info: Redefining \frac on input line 234.
\uproot@=\count314
\leftroot@=\count315
LaTeX Info: Redefining \overline on input line 399.
\classnum@=\count316
\DOTSCASE@=\count317
LaTeX Info: Redefining \ldots on input line 496.
LaTeX Info: Redefining \dots on input line 499.
LaTeX Info: Redefining \cdots on input line 620.
\Mathstrutbox@=\box74
\strutbox@=\box75
\big@size=\dimen275
LaTeX Font Info:    Redeclaring font encoding OML on input line 743.
LaTeX Font Info:    Redeclaring font encoding OMS on input line 744.
\macc@depth=\count318
\c@MaxMatrixCols=\count319
\dotsspace@=\muskip17
\c@parentequation=\count320
\dspbrk@lvl=\count321
\tag@help=\toks35
\row@=\count322
\column@=\count323
\maxfields@=\count324
\andhelp@=\toks36
\eqnshift@=\dimen276
\alignsep@=\dimen277
\tagshift@=\dimen278
\tagwidth@=\dimen279
\totwidth@=\dimen280
\lineht@=\dimen281
\@envbody=\toks37
\multlinegap=\skip59
\multlinetaggap=\skip60
\mathdisplay@stack=\toks38
LaTeX Info: Redefining \[ on input line 2938.
LaTeX Info: Redefining \] on input line 2939.
)
(C:\Program Files\MiKTeX\tex/latex/amscls\amsthm.sty
Package: amsthm 2020/05/29 v2.20.6
\thm@style=\toks39
\thm@bodyfont=\toks40
\thm@headfont=\toks41
\thm@notefont=\toks42
\thm@headpunct=\toks43
\thm@preskip=\skip61
\thm@postskip=\skip62
\thm@headsep=\skip63
\dth@everypar=\toks44
)
\c@theorem=\count325
)
(C:\Program Files\MiKTeX\tex/latex/beamer\beamerbasethemes.sty))
(C:\Program Files\MiKTeX\tex/latex/beamer\beamerthemedefault.sty
(C:\Program Files\MiKTeX\tex/latex/beamer\beamerfontthemedefault.sty)
(C:\Program Files\MiKTeX\tex/latex/beamer\beamercolorthemedefault.sty)
(C:\Program Files\MiKTeX\tex/latex/beamer\beamerinnerthemedefault.sty
\beamer@dima=\dimen282
\beamer@dimb=\dimen283
)
(C:\Program Files\MiKTeX\tex/latex/beamer\beamerouterthemedefault.sty)))
(C:\Program Files\MiKTeX\tex/latex/base\inputenc.sty
Package: inputenc 2021/02/14 v1.3d Input encoding file
\inpenc@prehook=\toks45
\inpenc@posthook=\toks46


Package inputenc Warning: inputenc package ignored with utf8 based engines.

) (C:\Program Files\MiKTeX\tex/latex/l3packages/xfp\xfp.sty
(C:\Program Files\MiKTeX\tex/latex/l3kernel\expl3.sty
Package: expl3 2021-11-22 L3 programming layer (loader) 

(C:\Program Files\MiKTeX\tex/latex/l3backend\l3backend-xetex.def
File: l3backend-xetex.def 2021-10-18 L3 backend support: XeTeX
 ()
\c__kernel_sys_dvipdfmx_version_int=\count326
\l__color_backend_stack_int=\count327
\g__color_backend_stack_int=\count328
\g__graphics_track_int=\count329
\l__pdf_internal_box=\box76
\g__pdf_backend_object_int=\count330
\g__pdf_backend_annotation_int=\count331
\g__pdf_backend_link_int=\count332
))
Package: xfp 2021-11-12 L3 Floating point unit
)
(C:\Program Files\MiKTeX\tex/latex/anyfontsize\anyfontsize.sty
Invalid UTF-8 byte or sequence at line 3 replaced by U+FFFD.
Invalid UTF-8 byte or sequence at line 3 replaced by U+FFFD.
Package: anyfontsize 2007/11/22 anyfontsize.sty by pts
)
(C:\Program Files\MiKTeX\tex/latex/beamer\beamerthemeCambridgeUS.sty
(C:\Program Files\MiKTeX\tex/latex/beamer\beamerinnerthemerounded.sty)
(C:\Program Files\MiKTeX\tex/latex/beamer\beamerouterthemeinfolines.sty)
(C:\Program Files\MiKTeX\tex/latex/beamer\beamercolorthemebeaver.sty))
(C:\Program Files\MiKTeX\tex/latex/beamer\beamercolorthemestructure.sty)
(C:\Program Files\MiKTeX\tex/latex/beamer\beamerthemeboxes.sty
\beamer@boxheadheight=\dimen284
\beamer@boxfootheight=\dimen285
\beamer@headboxes=\count333
\beamer@headboxsizes=\dimen286
\beamer@currentbox=\count334
\beamer@footboxes=\count335
\beamer@footboxsizes=\dimen287
)
(C:\Program Files\MiKTeX\tex/latex/subfig\subfig.sty
Package: subfig 2005/06/28 ver: 1.3 subfig package

(C:\Program Files\MiKTeX\tex/latex/caption\caption3.sty
Package: caption3 2020/10/21 v2.2e caption3 kernel (AR)
\captionmargin=\dimen288
\captionmargin@=\dimen289
\captionwidth=\dimen290
\caption@tempdima=\dimen291
\caption@indent=\dimen292
\caption@parindent=\dimen293
\caption@hangindent=\dimen294
Package caption Info: beamer document class detected.

(C:\Program Files\MiKTeX\tex/latex/caption\caption-beamer.sto
File: caption-beamer.sto 2020/08/22 v2.0 Adaption of the caption package to the
 beamer document classes (AR)
))
\c@KVtest=\count336
\sf@farskip=\skip64
\sf@captopadj=\dimen295
\sf@capskip=\skip65
\sf@nearskip=\skip66
\c@subfigure=\count337
\c@subfigure@save=\count338
\c@depth=\count339
\c@subtable=\count340
\c@subtable@save=\count341
\sf@top=\skip67
\sf@bottom=\skip68
)
(C:\Program Files\MiKTeX\tex/latex/beamer\beamerfontthemeserif.sty)
\c@cont=\count342
\c@sectionpage=\count343

(C:\Program Files\MiKTeX\tex/latex/datetime\datetime.sty
Package: datetime 2015/03/20 v2.60 Date Time Package

(C:\Program Files\MiKTeX\tex/latex/fmtcount\fmtcount.sty
Invalid UTF-8 byte or sequence at line 10 replaced by U+FFFD.
Invalid UTF-8 byte or sequence at line 22 replaced by U+FFFD.
Package: fmtcount 2020/01/30 v3.07

(C:\Program Files\MiKTeX\tex/latex/base\ifthen.sty
Package: ifthen 2020/11/24 v1.1c Standard LaTeX ifthen package (DPC)
)
(C:\Program Files\MiKTeX\tex/latex/xkeyval\xkeyval.sty
Package: xkeyval 2020/11/20 v2.8 package option processing (HA)

(C:\Program Files\MiKTeX\tex/generic/xkeyval\xkeyval.tex
(C:\Program Files\MiKTeX\tex/generic/xkeyval\xkvutils.tex
\XKV@toks=\toks47
\XKV@tempa@toks=\toks48
)
\XKV@depth=\count344
File: xkeyval.tex 2014/12/03 v2.7a key=value parser (HA)
))
(C:\Program Files\MiKTeX\tex/latex/fmtcount\fcprefix.sty
Invalid UTF-8 byte or sequence at line 10 replaced by U+FFFD.
Invalid UTF-8 byte or sequence at line 22 replaced by U+FFFD.
Package: fcprefix 2012/09/28

(C:\Program Files\MiKTeX\tex/latex/fmtcount\fcnumparser.sty
Invalid UTF-8 byte or sequence at line 10 replaced by U+FFFD.
Invalid UTF-8 byte or sequence at line 22 replaced by U+FFFD.
Package: fcnumparser 2017/06/15
\fc@digit@counter=\count345
))
\c@padzeroesN=\count346
\fc@tmpcatcode=\count347
\@DT@modctr=\count348
\@ordinalctr=\count349
\@orgargctr=\count350
\@strctr=\count351
\@tmpstrctr=\count352
\@DT@loopN=\count353
\@DT@X=\count354
)
(C:\Program Files\MiKTeX\tex/latex/datetime\datetime-defaults.sty
Package: datetime-defaults 2013/09/10
)
\@day=\count355
\@month=\count356
\@year=\count357
\c@HOUR=\count358
\c@HOURXII=\count359
\c@MINUTE=\count360
\c@TOHOUR=\count361
\c@TOMINUTE=\count362
\c@SECOND=\count363
\currenthour=\count364
\currentminute=\count365
\currentsecond=\count366
Package datetime Info: No datetime.cfg file found, using default settings on in
put line 308.
\@dtctr=\count367
\dayofyear=\count368
\dayofweek=\count369
LaTeX Info: Redefining \today on input line 736.
\dt@a=\toks49
\dt@b=\toks50
)
(C:\Program Files\MiKTeX\tex/latex/biblatex\biblatex.sty
Package: biblatex 2020/12/31 v3.16 programmable bibliographies (PK/MW)

(C:\Program Files\MiKTeX\tex/latex/logreq\logreq.sty
Package: logreq 2010/08/04 v1.0 xml request logger
\lrq@indent=\count370

(C:\Program Files\MiKTeX\tex/latex/logreq\logreq.def
File: logreq.def 2010/08/04 v1.0 logreq spec v1.0
))
\c@tabx@nest=\count371
\c@listtotal=\count372
\c@listcount=\count373
\c@liststart=\count374
\c@liststop=\count375
\c@citecount=\count376
\c@citetotal=\count377
\c@multicitecount=\count378
\c@multicitetotal=\count379
\c@instcount=\count380
\c@maxnames=\count381
\c@minnames=\count382
\c@maxitems=\count383
\c@minitems=\count384
\c@citecounter=\count385
\c@maxcitecounter=\count386
\c@savedcitecounter=\count387
\c@uniquelist=\count388
\c@uniquename=\count389
\c@refsection=\count390
\c@refsegment=\count391
\c@maxextratitle=\count392
\c@maxextratitleyear=\count393
\c@maxextraname=\count394
\c@maxextradate=\count395
\c@maxextraalpha=\count396
\c@abbrvpenalty=\count397
\c@highnamepenalty=\count398
\c@lownamepenalty=\count399
\c@maxparens=\count400
\c@parenlevel=\count401
\blx@tempcnta=\count402
\blx@tempcntb=\count403
\blx@tempcntc=\count404
\blx@maxsection=\count405
\blx@maxsegment@0=\count406
\blx@notetype=\count407
\blx@parenlevel@text=\count408
\blx@parenlevel@foot=\count409
\blx@sectionciteorder@0=\count410
\blx@entrysetcounter=\count411
\blx@biblioinstance=\count412
\labelnumberwidth=\skip69
\labelalphawidth=\skip70
\biblabelsep=\skip71
\bibitemsep=\skip72
\bibnamesep=\skip73
\bibinitsep=\skip74
\bibparsep=\skip75
\bibhang=\skip76
\blx@bcfin=\read3
\blx@bcfout=\write5
\blx@langwohyphens=\language79
\c@mincomprange=\count413
\c@maxcomprange=\count414
\c@mincompwidth=\count415
Package biblatex Info: Trying to load biblatex default data model...
Package biblatex Info: ... file 'blx-dm.def' found.

(C:\Program Files\MiKTeX\tex/latex/biblatex\blx-dm.def
File: blx-dm.def 2020/12/31 v3.16 biblatex localization (PK/MW)
)
Package biblatex Info: Trying to load biblatex custom data model...
Package biblatex Info: ... file 'biblatex-dm.cfg' not found.
\c@afterword=\count416
\c@savedafterword=\count417
\c@annotator=\count418
\c@savedannotator=\count419
\c@author=\count420
\c@savedauthor=\count421
\c@bookauthor=\count422
\c@savedbookauthor=\count423
\c@commentator=\count424
\c@savedcommentator=\count425
\c@editor=\count426
\c@savededitor=\count427
\c@editora=\count428
\c@savededitora=\count429
\c@editorb=\count430
\c@savededitorb=\count431
\c@editorc=\count432
\c@savededitorc=\count433
\c@foreword=\count434
\c@savedforeword=\count435
\c@holder=\count436
\c@savedholder=\count437
\c@introduction=\count438
\c@savedintroduction=\count439
\c@namea=\count440
\c@savednamea=\count441
\c@nameb=\count442
\c@savednameb=\count443
\c@namec=\count444
\c@savednamec=\count445
\c@translator=\count446
\c@savedtranslator=\count447
\c@shortauthor=\count448
\c@savedshortauthor=\count449
\c@shorteditor=\count450
\c@savedshorteditor=\count451
\c@labelname=\count452
\c@savedlabelname=\count453
\c@institution=\count454
\c@savedinstitution=\count455
\c@lista=\count456
\c@savedlista=\count457
\c@listb=\count458
\c@savedlistb=\count459
\c@listc=\count460
\c@savedlistc=\count461
\c@listd=\count462
\c@savedlistd=\count463
\c@liste=\count464
\c@savedliste=\count465
\c@listf=\count466
\c@savedlistf=\count467
\c@location=\count468
\c@savedlocation=\count469
\c@organization=\count470
\c@savedorganization=\count471
\c@origlocation=\count472
\c@savedoriglocation=\count473
\c@origpublisher=\count474
\c@savedorigpublisher=\count475
\c@publisher=\count476
\c@savedpublisher=\count477
\c@language=\count478
\c@savedlanguage=\count479
\c@origlanguage=\count480
\c@savedoriglanguage=\count481
\c@pageref=\count482
\c@savedpageref=\count483
\shorthandwidth=\skip77
\shortjournalwidth=\skip78
\shortserieswidth=\skip79
\shorttitlewidth=\skip80
\shortauthorwidth=\skip81
\shorteditorwidth=\skip82
\locallabelnumberwidth=\skip83
\locallabelalphawidth=\skip84
\localshorthandwidth=\skip85
\localshortjournalwidth=\skip86
\localshortserieswidth=\skip87
\localshorttitlewidth=\skip88
\localshortauthorwidth=\skip89
\localshorteditorwidth=\skip90
Package biblatex Info: Trying to load enhanced support for Unicode engines...
Package biblatex Info: ... file 'blx-unicode.def' found.

(C:\Program Files\MiKTeX\tex/latex/biblatex\blx-unicode.def)
Package biblatex Info: Trying to load compatibility code...
Package biblatex Info: ... file 'blx-compat.def' found.

(C:\Program Files\MiKTeX\tex/latex/biblatex\blx-compat.def
File: blx-compat.def 2020/12/31 v3.16 biblatex compatibility (PK/MW)
)
Package biblatex Info: Trying to load generic definitions...
Package biblatex Info: ... file 'biblatex.def' found.

(C:\Program Files\MiKTeX\tex/latex/biblatex\biblatex.def
File: biblatex.def 2020/12/31 v3.16 biblatex compatibility (PK/MW)
\c@textcitecount=\count484
\c@textcitetotal=\count485
\c@textcitemaxnames=\count486
\c@biburlbigbreakpenalty=\count487
\c@biburlbreakpenalty=\count488
\c@biburlnumpenalty=\count489
\c@biburlucpenalty=\count490
\c@biburllcpenalty=\count491
\biburlbigskip=\muskip18
\biburlnumskip=\muskip19
\biburlucskip=\muskip20
\biburllcskip=\muskip21
\c@smartand=\count492
)
Package biblatex Info: Trying to load bibliography style 'numeric'...
Package biblatex Info: ... file 'numeric.bbx' found.

(C:\Program Files\MiKTeX\tex/latex/biblatex/bbx\numeric.bbx
File: numeric.bbx 2020/12/31 v3.16 biblatex bibliography style (PK/MW)
Package biblatex Info: Trying to load bibliography style 'standard'...
Package biblatex Info: ... file 'standard.bbx' found.

(C:\Program Files\MiKTeX\tex/latex/biblatex/bbx\standard.bbx
File: standard.bbx 2020/12/31 v3.16 biblatex bibliography style (PK/MW)
\c@bbx:relatedcount=\count493
\c@bbx:relatedtotal=\count494
))
Package biblatex Info: Trying to load citation style 'numeric'...
Package biblatex Info: ... file 'numeric.cbx' found.

(C:\Program Files\MiKTeX\tex/latex/biblatex/cbx\numeric.cbx
File: numeric.cbx 2020/12/31 v3.16 biblatex citation style (PK/MW)
Package biblatex Info: Redefining '\cite'.
Package biblatex Info: Redefining '\parencite'.
Package biblatex Info: Redefining '\footcite'.
Package biblatex Info: Redefining '\footcitetext'.
Package biblatex Info: Redefining '\smartcite'.
Package biblatex Info: Redefining '\supercite'.
Package biblatex Info: Redefining '\textcite'.
Package biblatex Info: Redefining '\textcites'.
Package biblatex Info: Redefining '\cites'.
Package biblatex Info: Redefining '\parencites'.
Package biblatex Info: Redefining '\smartcites'.
)
Package biblatex Info: Trying to load configuration file...
Package biblatex Info: ... file 'biblatex.cfg' found.

(C:\Program Files\MiKTeX\tex/latex/biblatex\biblatex.cfg
File: biblatex.cfg 
))
(C:\Program Files\MiKTeX\tex/latex/float\float.sty
Package: float 2001/11/08 v1.3d Float enhancements (AL)
\c@float@type=\count495
\float@exts=\toks51
\float@box=\box77
\@float@everytoks=\toks52
\@floatcapt=\box78
)
(C:\Program Files\MiKTeX\tex/latex/caption\caption.sty
Package: caption 2020/10/26 v3.5g Customizing captions (AR)
\c@caption@flags=\count496
\c@continuedfloat=\count497
Package caption Info: float package is loaded.
Package caption Info: hyperref package is loaded.
Package caption Info: Hyperref support is turned off
(caption)             because hyperref has stopped early.
)
(C:\Program Files\MiKTeX\tex/latex/adjustbox\adjustbox.sty
Package: adjustbox 2020/08/19 v1.3 Adjusting TeX boxes (trim, clip, ...)

(C:\Program Files\MiKTeX\tex/latex/adjustbox\adjcalc.sty
Package: adjcalc 2012/05/16 v1.1 Provides advanced setlength with multiple back
-ends (calc, etex, pgfmath)
)
(C:\Program Files\MiKTeX\tex/latex/adjustbox\trimclip.sty
Package: trimclip 2020/08/19 v1.2 Trim and clip general TeX material

(C:\Program Files\MiKTeX\tex/latex/collectbox\collectbox.sty
Package: collectbox 2012/05/17 v0.4b Collect macro arguments as boxes
\collectedbox=\box79
)
\tc@llx=\dimen296
\tc@lly=\dimen297
\tc@urx=\dimen298
\tc@ury=\dimen299
Package trimclip Info: Using driver 'tc-xetex.def'.

(C:\Program Files\MiKTeX\tex/latex/adjustbox\tc-xetex.def
File: tc-xetex.def 2019/01/04 v2.2 Clipping driver for xetex
))
\adjbox@Width=\dimen300
\adjbox@Height=\dimen301
\adjbox@Depth=\dimen302
\adjbox@Totalheight=\dimen303
\adjbox@pwidth=\dimen304
\adjbox@pheight=\dimen305
\adjbox@pdepth=\dimen306
\adjbox@ptotalheight=\dimen307

(C:\Program Files\MiKTeX\tex/latex/ifoddpage\ifoddpage.sty
Package: ifoddpage 2016/04/23 v1.1 Conditionals for odd/even page detection
\c@checkoddpage=\count498
)
(C:\Program Files\MiKTeX\tex/latex/varwidth\varwidth.sty
Package: varwidth 2009/03/30 ver 0.92;  Variable-width minipages
\@vwid@box=\box80
\sift@deathcycles=\count499
\@vwid@loff=\dimen308
\@vwid@roff=\dimen309
))
(C:\Program Files\MiKTeX\tex/latex/siunitx\siunitx.sty
Package: siunitx 2021-12-03 v3.0.37 A comprehensive (SI) units package
\l__siunitx_angle_tmp_dim=\dimen310
\l__siunitx_angle_marker_box=\box81
\l__siunitx_angle_unit_box=\box82
\l__siunitx_compound_count_int=\count500

(C:\Program Files\MiKTeX\tex/latex/translations\translations.sty
Package: translations 2021/01/17 v1.10a internationalization of LaTeX2e package
s (CN)
)
\l__siunitx_number_exponent_fixed_int=\count501
\l__siunitx_number_min_decimal_int=\count502
\l__siunitx_number_min_integer_int=\count503
\l__siunitx_number_round_precision_int=\count504
\l__siunitx_number_group_minimum_int=\count505
\l__siunitx_table_tmp_box=\box83
\l__siunitx_table_tmp_dim=\dimen311
\l__siunitx_table_column_width_dim=\dimen312
\l__siunitx_table_integer_box=\box84
\l__siunitx_table_decimal_box=\box85
\l__siunitx_table_before_box=\box86
\l__siunitx_table_after_box=\box87
\l__siunitx_table_before_dim=\dimen313
\l__siunitx_table_carry_dim=\dimen314
\l__siunitx_unit_tmp_int=\count506
\l__siunitx_unit_position_int=\count507
\l__siunitx_unit_total_int=\count508

(C:\Program Files\MiKTeX\tex/latex/l3packages/l3keys2e\l3keys2e.sty
Package: l3keys2e 2021-11-12 LaTeX2e option processing using LaTeX3 keys
)
(C:\Program Files\MiKTeX\tex/latex/tools\array.sty
Package: array 2021/10/04 v2.5f Tabular extension package (FMi)
\col@sep=\dimen315
\ar@mcellbox=\box88
\extrarowheight=\dimen316
\NC@list=\toks53
\extratabsurround=\skip91
\backup@length=\skip92
\ar@cellbox=\box89
))
(C:\Program Files\MiKTeX\tex/latex/diffcoeff\diffcoeff.sty
(C:\Program Files\MiKTeX\tex/latex/l3packages/xparse\xparse.sty
Package: xparse 2021-11-12 L3 Experimental document command parser
)
(C:\Program Files\MiKTeX\tex/latex/l3packages/xtemplate\xtemplate.sty
Package: xtemplate 2021-11-12 L3 Experimental prototype document functions
\l__xtemplate_tmp_dim=\dimen317
\l__xtemplate_tmp_int=\count509
\l__xtemplate_tmp_muskip=\muskip22
\l__xtemplate_tmp_skip=\skip93
)
Package: diffcoeff 2019/12/28 v3.2 Write differential coefficients consistently
 and easily.
\l__diffcoeff_vars_int=\count510
\l__diffcoeff_format_int=\count511
\l__diffcoeff_curr_tok_int=\count512
\l__diffcoeff_curr_state_int=\count513
\l__diffcoeff_nos_int=\count514
\l__diffcoeff_parenvar_int=\count515

Package xtemplate Info: Declaring object type 'derivative' taking 5
(xtemplate)             argument(s) on line 57.

\l__diffcoeff_oporder_muskip=\muskip23
\l__diffcoeff_opnudge_muskip=\muskip24
\l__diffcoeff_varsep_muskip=\muskip25
\l__diffcoeff_sep_adj_muskip=\muskip26
\l__diffcoeff_elbowrm_muskip=\muskip27
\l__diffcoeff_subnudge_muskip=\muskip28
\l_tmpc_muskip=\muskip29
\l_tmpd_muskip=\muskip30
)
(C:\Program Files\MiKTeX\tex/latex/commath\commath.sty
Invalid UTF-8 byte or sequence at line 6 replaced by U+FFFD.
Invalid UTF-8 byte or sequence at line 9 replaced by U+FFFD.
)
(C:\Program Files\MiKTeX\tex/latex/romannum\romannum.sty
Package: romannum 2009/09/03 v1.0b roman numerals

(C:\Program Files\MiKTeX\tex/latex/stdclsdv\stdclsdv.sty
Package: stdclsdv 2009/09/04 v1.1a Sectional divisions
))
(C:\Program Files\MiKTeX\tex/latex/tools\xspace.sty
Package: xspace 2014/10/28 v1.13 Space after command names (DPC,MH)
)
(C:\Program Files\MiKTeX\tex/latex/tools\tabularx.sty
Package: tabularx 2020/01/15 v2.11c `tabularx' package (DPC)
\TX@col@width=\dimen318
\TX@old@table=\dimen319
\TX@old@col=\dimen320
\TX@target=\dimen321
\TX@delta=\dimen322
\TX@cols=\count516
\TX@ftn=\toks54
)
(C:\Program Files\MiKTeX\tex/latex/multirow\multirow.sty
Package: multirow 2021/03/15 v2.8 Span multiple rows of a table
\multirow@colwidth=\skip94
\multirow@cntb=\count517
\multirow@dima=\skip95
\bigstrutjot=\dimen323
)

Package array Warning: Redefining primitive column m on input line 199.

\@quotelevel=\count518
\@quotereset=\count519
Package translations Info: No language package found. I am going to use `englis
h' as default language. on input line 262.
(Beamer.aux)
\openout1 = `Beamer.aux'.

LaTeX Font Info:    Checking defaults for OML/cmm/m/it on input line 262.
LaTeX Font Info:    ... okay on input line 262.
LaTeX Font Info:    Checking defaults for OMS/cmsy/m/n on input line 262.
LaTeX Font Info:    ... okay on input line 262.
LaTeX Font Info:    Checking defaults for OT1/cmr/m/n on input line 262.
LaTeX Font Info:    ... okay on input line 262.
LaTeX Font Info:    Checking defaults for T1/cmr/m/n on input line 262.
LaTeX Font Info:    ... okay on input line 262.
LaTeX Font Info:    Checking defaults for TS1/cmr/m/n on input line 262.
LaTeX Font Info:    Trying to load font information for TS1+cmr on input line 2
62.
 (C:\Program Files\MiKTeX\tex/latex/base\ts1cmr.fd
File: ts1cmr.fd 2019/12/16 v2.5j Standard LaTeX font definitions
)
LaTeX Font Info:    ... okay on input line 262.
LaTeX Font Info:    Checking defaults for TU/lmr/m/n on input line 262.
LaTeX Font Info:    ... okay on input line 262.
LaTeX Font Info:    Checking defaults for OMX/cmex/m/n on input line 262.
LaTeX Font Info:    ... okay on input line 262.
LaTeX Font Info:    Checking defaults for U/cmr/m/n on input line 262.
LaTeX Font Info:    ... okay on input line 262.
LaTeX Font Info:    Checking defaults for PD1/pdf/m/n on input line 262.
LaTeX Font Info:    ... okay on input line 262.
LaTeX Font Info:    Checking defaults for PU/pdf/m/n on input line 262.
LaTeX Font Info:    ... okay on input line 262.

*geometry* driver: auto-detecting
*geometry* detected driver: xetex
*geometry* verbose mode - [ preamble ] result:
* driver: xetex
* paper: custom
* layout: <same size as paper>
* layoutoffset:(h,v)=(0.0pt,0.0pt)
* modes: includehead includefoot 
* h-part:(L,W,R)=(12.0pt, 431.24408pt, 12.0pt)
* v-part:(T,H,B)=(0.0pt, 256.0748pt, 0.0pt)
* \paperwidth=455.24408pt
* \paperheight=256.0748pt
* \textwidth=431.24408pt
* \textheight=227.62207pt
* \oddsidemargin=-60.26999pt
* \evensidemargin=-60.26999pt
* \topmargin=-72.26999pt
* \headheight=14.22636pt
* \headsep=0.0pt
* \topskip=12.0pt
* \footskip=14.22636pt
* \marginparwidth=4.0pt
* \marginparsep=10.0pt
* \columnsep=10.0pt
* \skip\footins=10.8pt plus 4.0pt minus 2.0pt
* \hoffset=0.0pt
* \voffset=0.0pt
* \mag=1000
* \@twocolumnfalse
* \@twosidefalse
* \@mparswitchfalse
* \@reversemarginfalse
* (1in=72.27pt=25.4mm, 1cm=28.453pt)

Package hyperref Info: Link coloring OFF on input line 262.
(C:\Program Files\MiKTeX\tex/latex/hyperref\nameref.sty
Package: nameref 2021-04-02 v2.47 Cross-referencing by name of section

(C:\Program Files\MiKTeX\tex/latex/refcount\refcount.sty
Package: refcount 2019/12/15 v3.6 Data extraction from label references (HO)
)
(C:\Program Files\MiKTeX\tex/generic/gettitlestring\gettitlestring.sty
Package: gettitlestring 2019/12/15 v1.6 Cleanup title references (HO)
)
\c@section@level=\count520
)
LaTeX Info: Redefining \ref on input line 262.
LaTeX Info: Redefining \pageref on input line 262.
LaTeX Info: Redefining \nameref on input line 262.

(Beamer.out) (Beamer.out)
\@outlinefile=\write6
\openout6 = `Beamer.out'.

\symnumbers=\mathgroup6
\sympureletters=\mathgroup7
LaTeX Font Info:    Overwriting math alphabet `\mathrm' in version `normal'
(Font)                  OT1/cmr/m/n --> TU/lmr/m/n on input line 262.
LaTeX Font Info:    Redeclaring math alphabet \mathbf on input line 262.
LaTeX Font Info:    Overwriting math alphabet `\mathbf' in version `normal'
(Font)                  OT1/cmr/bx/n --> TU/lmr/b/n on input line 262.
LaTeX Font Info:    Overwriting math alphabet `\mathbf' in version `bold'
(Font)                  OT1/cmr/bx/n --> TU/lmr/b/n on input line 262.
LaTeX Font Info:    Redeclaring math alphabet \mathsf on input line 262.
LaTeX Font Info:    Overwriting math alphabet `\mathsf' in version `normal'
(Font)                  OT1/cmss/m/n --> TU/lmss/m/n on input line 262.
LaTeX Font Info:    Overwriting math alphabet `\mathsf' in version `bold'
(Font)                  OT1/cmss/bx/n --> TU/lmss/m/n on input line 262.
LaTeX Font Info:    Redeclaring math alphabet \mathit on input line 262.
LaTeX Font Info:    Overwriting math alphabet `\mathit' in version `normal'
(Font)                  OT1/cmr/m/it --> TU/lmr/m/it on input line 262.
LaTeX Font Info:    Overwriting math alphabet `\mathit' in version `bold'
(Font)                  OT1/cmr/bx/it --> TU/lmr/m/it on input line 262.
LaTeX Font Info:    Redeclaring math alphabet \mathtt on input line 262.
LaTeX Font Info:    Overwriting math alphabet `\mathtt' in version `normal'
(Font)                  OT1/cmtt/m/n --> TU/lmtt/m/n on input line 262.
LaTeX Font Info:    Overwriting math alphabet `\mathtt' in version `bold'
(Font)                  OT1/cmtt/m/n --> TU/lmtt/m/n on input line 262.
LaTeX Font Info:    Overwriting symbol font `numbers' in version `bold'
(Font)                  TU/lmr/m/n --> TU/lmr/b/n on input line 262.
LaTeX Font Info:    Overwriting symbol font `pureletters' in version `bold'
(Font)                  TU/lmr/m/it --> TU/lmr/b/it on input line 262.
LaTeX Font Info:    Overwriting math alphabet `\mathrm' in version `bold'
(Font)                  OT1/cmr/bx/n --> TU/lmr/b/n on input line 262.
LaTeX Font Info:    Overwriting math alphabet `\mathbf' in version `bold'
(Font)                  TU/lmr/b/n --> TU/lmr/b/n on input line 262.
LaTeX Font Info:    Overwriting math alphabet `\mathsf' in version `bold'
(Font)                  TU/lmss/m/n --> TU/lmss/b/n on input line 262.
LaTeX Font Info:    Overwriting math alphabet `\mathit' in version `bold'
(Font)                  TU/lmr/m/it --> TU/lmr/b/it on input line 262.
LaTeX Font Info:    Overwriting math alphabet `\mathtt' in version `bold'
(Font)                  TU/lmtt/m/n --> TU/lmtt/b/n on input line 262.

(C:\Program Files\MiKTeX\tex/latex/translator\translator-basic-dictionary-Engli
sh.dict
Dictionary: translator-basic-dictionary, Language: English 
)
(C:\Program Files\MiKTeX\tex/latex/translator\translator-bibliography-dictionar
y-English.dict
Dictionary: translator-bibliography-dictionary, Language: English 
)
(C:\Program Files\MiKTeX\tex/latex/translator\translator-environment-dictionary
-English.dict
Dictionary: translator-environment-dictionary, Language: English 
)
(C:\Program Files\MiKTeX\tex/latex/translator\translator-months-dictionary-Engl
ish.dict
Dictionary: translator-months-dictionary, Language: English 
)
(C:\Program Files\MiKTeX\tex/latex/translator\translator-numbers-dictionary-Eng
lish.dict
Dictionary: translator-numbers-dictionary, Language: English 
)
(C:\Program Files\MiKTeX\tex/latex/translator\translator-theorem-dictionary-Eng
lish.dict
Dictionary: translator-theorem-dictionary, Language: English 
)
Package caption Info: Begin \AtBeginDocument code.
Package caption Info: subfig package v1.3 is loaded.
Package caption Info: End \AtBeginDocument code.
 (C:\Program Files\MiKTeX\tex/latex/fmtcount\fc-english.def
Invalid UTF-8 byte or sequence at line 10 replaced by U+FFFD.
Invalid UTF-8 byte or sequence at line 22 replaced by U+FFFD.
File: fc-english.def 2016/01/12
)
Package biblatex Info: Trying to load language 'english'...
Package biblatex Info: ... file 'english.lbx' found.

(C:\Program Files\MiKTeX\tex/latex/biblatex/lbx\english.lbx
File: english.lbx 2020/12/31 v3.16 biblatex localization (PK/MW)
)
Package biblatex Info: XeTeX detected.
(biblatex)             Assuming input encoding 'utf8'.
Package biblatex Info: Automatic encoding selection.
(biblatex)             Assuming data encoding 'utf8'.
Package biblatex Info: Document encoding is UTF8 ....
Package biblatex Info: ... and expl3
(biblatex)             2021-11-22 L3 programming layer (loader) 
(biblatex)             is new enough (at least 2020/04/06),
(biblatex)             setting 'casechanger=expl3'.

(C:\Program Files\MiKTeX\tex/latex/biblatex\blx-case-expl3.sty
Package: blx-case-expl3 2020/12/31 v3.16 expl3 case changing code for biblatex
)
\openout5 = `Beamer.bcf'.

Package biblatex Info: Trying to load bibliographic data...
Package biblatex Info: ... file 'Beamer.bbl' found.
 (Beamer.bbl)
Package biblatex Info: Reference section=0 on input line 262.
Package biblatex Info: Reference segment=0 on input line 262.


LaTeX hooks Warning: Generic hook
(hooks)              'file/after/translations-basic-dictionary-english.trsl'
(hooks)              is deprecated.
(hooks)              Use hook
(hooks)              'file/translations-basic-dictionary-english.trsl/after'
(hooks)              instead.


(C:\Program Files\MiKTeX\tex/latex/translations/dicts\translations-basic-dictio
nary-english.trsl
File: translations-basic-dictionary-english.trsl (english translation file `tra
nslations-basic-dictionary')
)
Package translations Info: loading dictionary `translations-basic-dictionary' f
or `english'. on input line 262.
 (Beamer.nav)

Package hyperref Warning: Option `pdfauthor' has already been used,
(hyperref)                setting the option has no effect on input line 280.

Missing character: There is no 5 in font nullfont!
File: ../Images//Logo.png Graphic file (type bmp)
<../Images//Logo.png>
LaTeX Font Info:    Trying to load font information for U+msa on input line 287
.
(C:\Program Files\MiKTeX\tex/latex/amsfonts\umsa.fd
File: umsa.fd 2013/01/14 v3.01 AMS symbols A
)
LaTeX Font Info:    Trying to load font information for U+msb on input line 287
.

(C:\Program Files\MiKTeX\tex/latex/amsfonts\umsb.fd
File: umsb.fd 2013/01/14 v3.01 AMS symbols B
)
Overfull \vbox (49.54512pt too high) detected at line 287
 []

[1

] (Beamer.toc) [2

] [3

] [4

]

LaTeX Warning: Empty bibliography on input line 334.

[5

] [6

] [7

]
\tf@nav=\write7
\openout7 = `Beamer.nav'.

\tf@toc=\write8
\openout8 = `Beamer.toc'.

\tf@snm=\write9
\openout9 = `Beamer.snm'.



Package caption Warning: Unused \captionsetup[subfloat] on input line 145.
See the caption package documentation for explanation.

(Beamer.aux)
Package rerunfilecheck Info: File `Beamer.out' has not changed.
(rerunfilecheck)             Checksum: 622BCCFB94CCF43734A23E379141AAE9;547.
Package logreq Info: Writing requests to 'Beamer.run.xml'.
\openout1 = `Beamer.run.xml'.

 ) 
Here is how much of TeX's memory you used:
 35990 strings out of 411044
 737529 string characters out of 2829677
 1401568 words of memory out of 3000000
 56026 multiletter control sequences out of 15000+600000
 409232 words of font info for 68 fonts, out of 8000000 for 9000
 1348 hyphenation exceptions out of 8191
 128i,12n,122p,1133b,808s stack positions out of 5000i,500n,10000p,200000b,80000s

Output written on Beamer.pdf (7 pages).
